  [1m[36m (7.5ms)[0m  [1mCREATE TABLE "schema_migrations" ("version" varchar NOT NULL) [0m
  [1m[35m (0.1ms)[0m  select sqlite_version(*)
  [1m[36m (3.8ms)[0m  [1mCREATE UNIQUE INDEX "unique_schema_migrations" ON "schema_migrations" ("version")[0m
  [1m[35mActiveRecord::SchemaMigration Load (14.4ms)[0m  SELECT "schema_migrations".* FROM "schema_migrations"
Migrating to CreateMovies (20111119180638)
  [1m[36m (0.1ms)[0m  [1mbegin transaction[0m
DEPRECATION WARNING: `#timestamps` was called without specifying an option for `null`. In Rails 5, this behavior will change to `null: false`. You should manually specify `null: true` to prevent the behavior of your existing migrations from changing. (called from block in up at /home/ec2-user/environment/CSCE606/hw-bdd-cucumber/rottenpotatoes/db/migrate/20111119180638_create_movies.rb:10)
  [1m[35m (2.1ms)[0m  CREATE TABLE "movies" ("id" INTEGER PRIMARY KEY AUTOINCREMENT NOT NULL, "title" varchar, "rating" varchar, "description" text, "release_date" datetime, "created_at" datetime, "updated_at" datetime) 
  [1m[36mSQL (0.1ms)[0m  [1mINSERT INTO "schema_migrations" ("version") VALUES (?)[0m  [["version", "20111119180638"]]
  [1m[35m (4.5ms)[0m  commit transaction
  [1m[36mActiveRecord::SchemaMigration Load (0.1ms)[0m  [1mSELECT "schema_migrations".* FROM "schema_migrations"[0m
  [1m[36mActiveRecord::SchemaMigration Load (0.1ms)[0m  [1mSELECT "schema_migrations".* FROM "schema_migrations"[0m
  [1m[35m (0.1ms)[0m  begin transaction
  [1m[36mSQL (3.9ms)[0m  [1mINSERT INTO "movies" ("title", "rating", "release_date", "created_at", "updated_at") VALUES (?, ?, ?, ?, ?)[0m  [["title", "Aladdin"], ["rating", "G"], ["release_date", "1992-11-25 00:00:00.000000"], ["created_at", "2021-10-04 20:31:15.710813"], ["updated_at", "2021-10-04 20:31:15.710813"]]
  [1m[35m (3.0ms)[0m  commit transaction
  [1m[36m (0.0ms)[0m  [1mbegin transaction[0m
  [1m[35mSQL (0.1ms)[0m  INSERT INTO "movies" ("title", "rating", "release_date", "created_at", "updated_at") VALUES (?, ?, ?, ?, ?)  [["title", "The Terminator"], ["rating", "R"], ["release_date", "1984-10-26 00:00:00.000000"], ["created_at", "2021-10-04 20:31:15.719041"], ["updated_at", "2021-10-04 20:31:15.719041"]]
  [1m[36m (3.0ms)[0m  [1mcommit transaction[0m
  [1m[35m (0.0ms)[0m  begin transaction
  [1m[36mSQL (0.1ms)[0m  [1mINSERT INTO "movies" ("title", "rating", "release_date", "created_at", "updated_at") VALUES (?, ?, ?, ?, ?)[0m  [["title", "When Harry Met Sally"], ["rating", "R"], ["release_date", "1989-07-21 00:00:00.000000"], ["created_at", "2021-10-04 20:31:15.723225"], ["updated_at", "2021-10-04 20:31:15.723225"]]
  [1m[35m (3.1ms)[0m  commit transaction
  [1m[36m (0.0ms)[0m  [1mbegin transaction[0m
  [1m[35mSQL (0.1ms)[0m  INSERT INTO "movies" ("title", "rating", "release_date", "created_at", "updated_at") VALUES (?, ?, ?, ?, ?)  [["title", "The Help"], ["rating", "PG-13"], ["release_date", "2011-08-10 00:00:00.000000"], ["created_at", "2021-10-04 20:31:15.727494"], ["updated_at", "2021-10-04 20:31:15.727494"]]
  [1m[36m (3.2ms)[0m  [1mcommit transaction[0m
  [1m[35m (0.0ms)[0m  begin transaction
  [1m[36mSQL (0.1ms)[0m  [1mINSERT INTO "movies" ("title", "rating", "release_date", "created_at", "updated_at") VALUES (?, ?, ?, ?, ?)[0m  [["title", "Chocolat"], ["rating", "PG-13"], ["release_date", "2001-01-05 00:00:00.000000"], ["created_at", "2021-10-04 20:31:15.731870"], ["updated_at", "2021-10-04 20:31:15.731870"]]
  [1m[35m (3.3ms)[0m  commit transaction
  [1m[36m (0.0ms)[0m  [1mbegin transaction[0m
  [1m[35mSQL (0.1ms)[0m  INSERT INTO "movies" ("title", "rating", "release_date", "created_at", "updated_at") VALUES (?, ?, ?, ?, ?)  [["title", "Amelie"], ["rating", "R"], ["release_date", "2001-04-25 00:00:00.000000"], ["created_at", "2021-10-04 20:31:15.736325"], ["updated_at", "2021-10-04 20:31:15.736325"]]
  [1m[36m (4.0ms)[0m  [1mcommit transaction[0m
  [1m[35m (0.0ms)[0m  begin transaction
  [1m[36mSQL (0.1ms)[0m  [1mINSERT INTO "movies" ("title", "rating", "release_date", "created_at", "updated_at") VALUES (?, ?, ?, ?, ?)[0m  [["title", "2001: A Space Odyssey"], ["rating", "G"], ["release_date", "1968-04-06 00:00:00.000000"], ["created_at", "2021-10-04 20:31:15.741497"], ["updated_at", "2021-10-04 20:31:15.741497"]]
  [1m[35m (3.3ms)[0m  commit transaction
  [1m[36m (0.0ms)[0m  [1mbegin transaction[0m
  [1m[35mSQL (0.1ms)[0m  INSERT INTO "movies" ("title", "rating", "release_date", "created_at", "updated_at") VALUES (?, ?, ?, ?, ?)  [["title", "The Incredibles"], ["rating", "PG"], ["release_date", "2004-11-05 00:00:00.000000"], ["created_at", "2021-10-04 20:31:15.745962"], ["updated_at", "2021-10-04 20:31:15.745962"]]
  [1m[36m (2.9ms)[0m  [1mcommit transaction[0m
  [1m[35m (0.0ms)[0m  begin transaction
  [1m[36mSQL (0.2ms)[0m  [1mINSERT INTO "movies" ("title", "rating", "release_date", "created_at", "updated_at") VALUES (?, ?, ?, ?, ?)[0m  [["title", "Raiders of the Lost Ark"], ["rating", "PG"], ["release_date", "1981-06-12 00:00:00.000000"], ["created_at", "2021-10-04 20:31:15.750071"], ["updated_at", "2021-10-04 20:31:15.750071"]]
  [1m[35m (2.9ms)[0m  commit transaction
  [1m[36m (0.0ms)[0m  [1mbegin transaction[0m
  [1m[35mSQL (0.2ms)[0m  INSERT INTO "movies" ("title", "rating", "release_date", "created_at", "updated_at") VALUES (?, ?, ?, ?, ?)  [["title", "Chicken Run"], ["rating", "G"], ["release_date", "2000-06-21 00:00:00.000000"], ["created_at", "2021-10-04 20:31:15.754127"], ["updated_at", "2021-10-04 20:31:15.754127"]]
  [1m[36m (3.0ms)[0m  [1mcommit transaction[0m


Started GET "/" for 165.91.13.30 at 2021-10-04 20:31:30 +0000


Started GET "/movies" for 165.91.13.30 at 2021-10-04 20:31:30 +0000
Processing by MoviesController#index as HTML
  [1m[36mMovie Load (0.2ms)[0m  [1mSELECT "movies".* FROM "movies" WHERE "movies"."rating" IN ('G', 'PG', 'PG-13', 'NC-17', 'R')[0m
  Rendered movies/index.html.haml within layouts/application (19.2ms)
Completed 200 OK in 581ms (Views: 567.5ms | ActiveRecord: 1.4ms)


Started GET "/assets/application.self-e80e8f2318043e8af94dddc2adad5a4f09739a8ebb323b3ab31cd71d45fd9113.css?body=1" for 165.91.13.30 at 2021-10-04 20:31:31 +0000


Started GET "/assets/application.self-ac4347b135ab8935f2dd20089f2acc8bec1d6b2ad528a80fcb03cd445dbd4d27.js?body=1" for 165.91.13.30 at 2021-10-04 20:31:31 +0000


Started GET "/assets/jquery_ujs.self-784a997f6726036b1993eb2217c9cb558e1cbb801c6da88105588c56f13b466a.js?body=1" for 165.91.13.30 at 2021-10-04 20:31:31 +0000


Started GET "/assets/jquery.self-bd7ddd393353a8d2480a622e80342adf488fb6006d667e8b42e4c0073393abee.js?body=1" for 165.91.13.30 at 2021-10-04 20:31:31 +0000


Started GET "/movies?utf8=%E2%9C%93&ratings%5BG%5D=1&ratings%5BPG%5D=1&ratings%5BPG-13%5D=1&ratings%5BNC-17%5D=1&ratings%5BR%5D=1&commit=Refresh" for 165.91.13.30 at 2021-10-04 20:31:35 +0000
Processing by MoviesController#index as HTML
  Parameters: {"utf8"=>"✓", "ratings"=>{"G"=>"1", "PG"=>"1", "PG-13"=>"1", "NC-17"=>"1", "R"=>"1"}, "commit"=>"Refresh"}
Redirected to https://1eeb63ff2dbf4bf9a58d56fad532bd84.vfs.cloud9.us-east-2.amazonaws.com/movies?ratings%5BG%5D=1&ratings%5BNC-17%5D=1&ratings%5BPG%5D=1&ratings%5BPG-13%5D=1&ratings%5BR%5D=1
Completed 302 Found in 2ms (ActiveRecord: 0.0ms)


Started GET "/movies?ratings%5BG%5D=1&ratings%5BNC-17%5D=1&ratings%5BPG%5D=1&ratings%5BPG-13%5D=1&ratings%5BR%5D=1" for 165.91.13.30 at 2021-10-04 20:31:35 +0000
Processing by MoviesController#index as HTML
  Parameters: {"ratings"=>{"G"=>"1", "NC-17"=>"1", "PG"=>"1", "PG-13"=>"1", "R"=>"1"}}
  [1m[35mMovie Load (0.2ms)[0m  SELECT "movies".* FROM "movies" WHERE "movies"."rating" IN ('G', 'NC-17', 'PG', 'PG-13', 'R')
  Rendered movies/index.html.haml within layouts/application (5.3ms)
Completed 200 OK in 21ms (Views: 19.8ms | ActiveRecord: 0.2ms)


Started GET "/movies?utf8=%E2%9C%93&ratings%5BG%5D=1&ratings%5BPG%5D=1&ratings%5BPG-13%5D=1&ratings%5BNC-17%5D=1&commit=Refresh" for 165.91.13.30 at 2021-10-04 20:31:39 +0000
Processing by MoviesController#index as HTML
  Parameters: {"utf8"=>"✓", "ratings"=>{"G"=>"1", "PG"=>"1", "PG-13"=>"1", "NC-17"=>"1"}, "commit"=>"Refresh"}
Redirected to https://1eeb63ff2dbf4bf9a58d56fad532bd84.vfs.cloud9.us-east-2.amazonaws.com/movies?ratings%5BG%5D=1&ratings%5BNC-17%5D=1&ratings%5BPG%5D=1&ratings%5BPG-13%5D=1
Completed 302 Found in 4ms (ActiveRecord: 0.0ms)


Started GET "/movies?ratings%5BG%5D=1&ratings%5BNC-17%5D=1&ratings%5BPG%5D=1&ratings%5BPG-13%5D=1" for 165.91.13.30 at 2021-10-04 20:31:39 +0000
Processing by MoviesController#index as HTML
  Parameters: {"ratings"=>{"G"=>"1", "NC-17"=>"1", "PG"=>"1", "PG-13"=>"1"}}
  [1m[36mMovie Load (0.2ms)[0m  [1mSELECT "movies".* FROM "movies" WHERE "movies"."rating" IN ('G', 'NC-17', 'PG', 'PG-13')[0m
  Rendered movies/index.html.haml within layouts/application (12.1ms)
Completed 200 OK in 36ms (Views: 35.5ms | ActiveRecord: 0.2ms)


Started GET "/movies/1" for 165.91.13.30 at 2021-10-04 20:31:41 +0000
Processing by MoviesController#show as HTML
  Parameters: {"id"=>"1"}
  [1m[35mMovie Load (0.2ms)[0m  SELECT  "movies".* FROM "movies" WHERE "movies"."id" = ? LIMIT 1  [["id", 1]]
  Rendered movies/show.html.haml within layouts/application (12.6ms)
Completed 200 OK in 58ms (Views: 43.9ms | ActiveRecord: 0.2ms)


Started GET "/movies" for 165.91.13.30 at 2021-10-04 20:31:44 +0000
Processing by MoviesController#index as HTML
Redirected to https://1eeb63ff2dbf4bf9a58d56fad532bd84.vfs.cloud9.us-east-2.amazonaws.com/movies?ratings%5BG%5D=1&ratings%5BNC-17%5D=1&ratings%5BPG%5D=1&ratings%5BPG-13%5D=1
Completed 302 Found in 4ms (ActiveRecord: 0.0ms)


Started GET "/movies?ratings%5BG%5D=1&ratings%5BNC-17%5D=1&ratings%5BPG%5D=1&ratings%5BPG-13%5D=1" for 165.91.13.30 at 2021-10-04 20:31:44 +0000
Processing by MoviesController#index as HTML
  Parameters: {"ratings"=>{"G"=>"1", "NC-17"=>"1", "PG"=>"1", "PG-13"=>"1"}}
  [1m[36mMovie Load (0.2ms)[0m  [1mSELECT "movies".* FROM "movies" WHERE "movies"."rating" IN ('G', 'NC-17', 'PG', 'PG-13')[0m
  Rendered movies/index.html.haml within layouts/application (4.4ms)
Completed 200 OK in 33ms (Views: 32.0ms | ActiveRecord: 0.2ms)


Started GET "/" for 165.91.13.30 at 2021-10-04 20:34:10 +0000


Started GET "/movies" for 165.91.13.30 at 2021-10-04 20:34:11 +0000
Processing by MoviesController#index as HTML
Redirected to https://1eeb63ff2dbf4bf9a58d56fad532bd84.vfs.cloud9.us-east-2.amazonaws.com/movies?ratings%5BG%5D=1&ratings%5BNC-17%5D=1&ratings%5BPG%5D=1&ratings%5BPG-13%5D=1
Completed 302 Found in 8ms (ActiveRecord: 0.0ms)


Started GET "/movies?ratings%5BG%5D=1&ratings%5BNC-17%5D=1&ratings%5BPG%5D=1&ratings%5BPG-13%5D=1" for 165.91.13.30 at 2021-10-04 20:34:11 +0000
Processing by MoviesController#index as HTML
  Parameters: {"ratings"=>{"G"=>"1", "NC-17"=>"1", "PG"=>"1", "PG-13"=>"1"}}
  [1m[36mMovie Load (0.1ms)[0m  [1mSELECT "movies".* FROM "movies" WHERE "movies"."rating" IN ('G', 'NC-17', 'PG', 'PG-13')[0m
  Rendered movies/index.html.haml within layouts/application (17.8ms)
Completed 200 OK in 232ms (Views: 226.4ms | ActiveRecord: 1.4ms)


Started GET "/" for 165.91.13.30 at 2021-10-04 20:38:01 +0000


Started GET "/movies" for 165.91.13.30 at 2021-10-04 20:38:01 +0000
Processing by MoviesController#index as HTML
Redirected to https://1eeb63ff2dbf4bf9a58d56fad532bd84.vfs.cloud9.us-east-2.amazonaws.com/movies?ratings%5BG%5D=1&ratings%5BNC-17%5D=1&ratings%5BPG%5D=1&ratings%5BPG-13%5D=1
Completed 302 Found in 9ms (ActiveRecord: 0.0ms)


Started GET "/movies?ratings%5BG%5D=1&ratings%5BNC-17%5D=1&ratings%5BPG%5D=1&ratings%5BPG-13%5D=1" for 165.91.13.30 at 2021-10-04 20:38:01 +0000
Processing by MoviesController#index as HTML
  Parameters: {"ratings"=>{"G"=>"1", "NC-17"=>"1", "PG"=>"1", "PG-13"=>"1"}}
  [1m[36mMovie Load (0.1ms)[0m  [1mSELECT "movies".* FROM "movies" WHERE "movies"."rating" IN ('G', 'NC-17', 'PG', 'PG-13')[0m
  Rendered movies/index.html.haml within layouts/application (18.4ms)
Completed 200 OK in 240ms (Views: 234.0ms | ActiveRecord: 1.4ms)


Started GET "/movies?ratings%5BG%5D=1&ratings%5BNC-17%5D=1&ratings%5BPG%5D=1&ratings%5BPG-13%5D=1" for 165.91.13.30 at 2021-10-04 20:55:26 +0000
Processing by MoviesController#index as HTML
  Parameters: {"ratings"=>{"G"=>"1", "NC-17"=>"1", "PG"=>"1", "PG-13"=>"1"}}
  [1m[36mMovie Load (0.1ms)[0m  [1mSELECT "movies".* FROM "movies" WHERE "movies"."rating" IN ('G', 'NC-17', 'PG', 'PG-13')[0m
  Rendered movies/index.html.haml within layouts/application (17.3ms)
Completed 200 OK in 214ms (Views: 204.1ms | ActiveRecord: 1.4ms)


Started GET "/movies?utf8=%E2%9C%93&ratings%5BPG%5D=1&ratings%5BR%5D=1&commit=Refresh" for 165.91.13.30 at 2021-10-04 20:55:36 +0000
Processing by MoviesController#index as HTML
  Parameters: {"utf8"=>"✓", "ratings"=>{"PG"=>"1", "R"=>"1"}, "commit"=>"Refresh"}
Redirected to https://1eeb63ff2dbf4bf9a58d56fad532bd84.vfs.cloud9.us-east-2.amazonaws.com/movies?ratings%5BPG%5D=1&ratings%5BR%5D=1
Completed 302 Found in 2ms (ActiveRecord: 0.0ms)


Started GET "/movies?ratings%5BPG%5D=1&ratings%5BR%5D=1" for 165.91.13.30 at 2021-10-04 20:55:36 +0000
Processing by MoviesController#index as HTML
  Parameters: {"ratings"=>{"PG"=>"1", "R"=>"1"}}
  [1m[35mMovie Load (0.2ms)[0m  SELECT "movies".* FROM "movies" WHERE "movies"."rating" IN ('PG', 'R')
  Rendered movies/index.html.haml within layouts/application (2.9ms)
Completed 200 OK in 10ms (Views: 9.2ms | ActiveRecord: 0.2ms)


Started GET "/movies?utf8=%E2%9C%93&ratings%5BPG%5D=1&ratings%5BNC-17%5D=1&ratings%5BR%5D=1&commit=Refresh" for 165.91.13.30 at 2021-10-04 20:56:10 +0000
Processing by MoviesController#index as HTML
  Parameters: {"utf8"=>"✓", "ratings"=>{"PG"=>"1", "NC-17"=>"1", "R"=>"1"}, "commit"=>"Refresh"}
Redirected to https://1eeb63ff2dbf4bf9a58d56fad532bd84.vfs.cloud9.us-east-2.amazonaws.com/movies?ratings%5BNC-17%5D=1&ratings%5BPG%5D=1&ratings%5BR%5D=1
Completed 302 Found in 2ms (ActiveRecord: 0.0ms)


Started GET "/movies?ratings%5BNC-17%5D=1&ratings%5BPG%5D=1&ratings%5BR%5D=1" for 165.91.13.30 at 2021-10-04 20:56:11 +0000
Processing by MoviesController#index as HTML
  Parameters: {"ratings"=>{"NC-17"=>"1", "PG"=>"1", "R"=>"1"}}
  [1m[36mMovie Load (0.2ms)[0m  [1mSELECT "movies".* FROM "movies" WHERE "movies"."rating" IN ('NC-17', 'PG', 'R')[0m
  Rendered movies/index.html.haml within layouts/application (3.0ms)
Completed 200 OK in 11ms (Views: 9.7ms | ActiveRecord: 0.2ms)


Started GET "/movies?utf8=%E2%9C%93&ratings%5BPG%5D=1&ratings%5BNC-17%5D=1&ratings%5BR%5D=1&commit=Refresh" for 165.91.13.30 at 2021-10-04 20:56:13 +0000
Processing by MoviesController#index as HTML
  Parameters: {"utf8"=>"✓", "ratings"=>{"PG"=>"1", "NC-17"=>"1", "R"=>"1"}, "commit"=>"Refresh"}
  [1m[35mMovie Load (0.2ms)[0m  SELECT "movies".* FROM "movies" WHERE "movies"."rating" IN ('PG', 'NC-17', 'R')
  Rendered movies/index.html.haml within layouts/application (2.9ms)
Completed 200 OK in 10ms (Views: 9.2ms | ActiveRecord: 0.2ms)


Started GET "/movies?utf8=%E2%9C%93&ratings%5BPG%5D=1&ratings%5BR%5D=1&commit=Refresh" for 165.91.13.30 at 2021-10-04 20:56:15 +0000
Processing by MoviesController#index as HTML
  Parameters: {"utf8"=>"✓", "ratings"=>{"PG"=>"1", "R"=>"1"}, "commit"=>"Refresh"}
Redirected to https://1eeb63ff2dbf4bf9a58d56fad532bd84.vfs.cloud9.us-east-2.amazonaws.com/movies?ratings%5BPG%5D=1&ratings%5BR%5D=1
Completed 302 Found in 2ms (ActiveRecord: 0.0ms)


Started GET "/movies?ratings%5BPG%5D=1&ratings%5BR%5D=1" for 165.91.13.30 at 2021-10-04 20:56:15 +0000
Processing by MoviesController#index as HTML
  Parameters: {"ratings"=>{"PG"=>"1", "R"=>"1"}}
  [1m[36mMovie Load (0.2ms)[0m  [1mSELECT "movies".* FROM "movies" WHERE "movies"."rating" IN ('PG', 'R')[0m
  Rendered movies/index.html.haml within layouts/application (3.3ms)
Completed 200 OK in 10ms (Views: 9.6ms | ActiveRecord: 0.2ms)


Started GET "/movies?utf8=%E2%9C%93&ratings%5BPG%5D=1&ratings%5BR%5D=1&commit=Refresh" for 165.91.13.30 at 2021-10-04 20:58:10 +0000
Processing by MoviesController#index as HTML
  Parameters: {"utf8"=>"✓", "ratings"=>{"PG"=>"1", "R"=>"1"}, "commit"=>"Refresh"}
  [1m[35mMovie Load (0.2ms)[0m  SELECT "movies".* FROM "movies" WHERE "movies"."rating" IN ('PG', 'R')
  Rendered movies/index.html.haml within layouts/application (2.9ms)
Completed 200 OK in 10ms (Views: 9.1ms | ActiveRecord: 0.2ms)


Started GET "/movies?utf8=%E2%9C%93&ratings%5BG%5D=1&ratings%5BPG%5D=1&ratings%5BPG-13%5D=1&ratings%5BNC-17%5D=1&ratings%5BR%5D=1&commit=Refresh" for 165.91.13.30 at 2021-10-04 22:46:05 +0000
Processing by MoviesController#index as HTML
  Parameters: {"utf8"=>"✓", "ratings"=>{"G"=>"1", "PG"=>"1", "PG-13"=>"1", "NC-17"=>"1", "R"=>"1"}, "commit"=>"Refresh"}
Redirected to https://1eeb63ff2dbf4bf9a58d56fad532bd84.vfs.cloud9.us-east-2.amazonaws.com/movies?ratings%5BG%5D=1&ratings%5BNC-17%5D=1&ratings%5BPG%5D=1&ratings%5BPG-13%5D=1&ratings%5BR%5D=1
Completed 302 Found in 10ms (ActiveRecord: 0.0ms)


Started GET "/movies?ratings%5BG%5D=1&ratings%5BNC-17%5D=1&ratings%5BPG%5D=1&ratings%5BPG-13%5D=1&ratings%5BR%5D=1" for 165.91.13.30 at 2021-10-04 22:46:05 +0000
Processing by MoviesController#index as HTML
  Parameters: {"ratings"=>{"G"=>"1", "NC-17"=>"1", "PG"=>"1", "PG-13"=>"1", "R"=>"1"}}
  [1m[36mMovie Load (0.2ms)[0m  [1mSELECT "movies".* FROM "movies" WHERE "movies"."rating" IN ('G', 'NC-17', 'PG', 'PG-13', 'R')[0m
  Rendered movies/index.html.haml within layouts/application (21.7ms)
Completed 200 OK in 258ms (Views: 250.2ms | ActiveRecord: 2.5ms)


Started GET "/movies?utf8=%E2%9C%93&ratings%5BG%5D=1&ratings%5BPG-13%5D=1&ratings%5BNC-17%5D=1&commit=Refresh" for 165.91.13.30 at 2021-10-04 22:47:04 +0000
Processing by MoviesController#index as HTML
  Parameters: {"utf8"=>"✓", "ratings"=>{"G"=>"1", "PG-13"=>"1", "NC-17"=>"1"}, "commit"=>"Refresh"}
Redirected to https://1eeb63ff2dbf4bf9a58d56fad532bd84.vfs.cloud9.us-east-2.amazonaws.com/movies?ratings%5BG%5D=1&ratings%5BNC-17%5D=1&ratings%5BPG-13%5D=1
Completed 302 Found in 2ms (ActiveRecord: 0.0ms)


Started GET "/movies?ratings%5BG%5D=1&ratings%5BNC-17%5D=1&ratings%5BPG-13%5D=1" for 165.91.13.30 at 2021-10-04 22:47:04 +0000
Processing by MoviesController#index as HTML
  Parameters: {"ratings"=>{"G"=>"1", "NC-17"=>"1", "PG-13"=>"1"}}
  [1m[35mMovie Load (0.2ms)[0m  SELECT "movies".* FROM "movies" WHERE "movies"."rating" IN ('G', 'NC-17', 'PG-13')
  Rendered movies/index.html.haml within layouts/application (8.5ms)
Completed 200 OK in 21ms (Views: 20.4ms | ActiveRecord: 0.2ms)


Started GET "/movies?ratings%5BG%5D=1&ratings%5BNC-17%5D=1&ratings%5BPG-13%5D=1" for 165.91.13.30 at 2021-10-04 23:06:57 +0000
Processing by MoviesController#index as HTML
  Parameters: {"ratings"=>{"G"=>"1", "NC-17"=>"1", "PG-13"=>"1"}}
  [1m[36mMovie Load (0.1ms)[0m  [1mSELECT "movies".* FROM "movies" WHERE "movies"."rating" IN ('G', 'NC-17', 'PG-13')[0m
  Rendered movies/index.html.haml within layouts/application (18.2ms)
Completed 200 OK in 253ms (Views: 242.8ms | ActiveRecord: 1.5ms)


Started GET "/movies?utf8=%E2%9C%93&ratings%5BG%5D=1&ratings%5BPG%5D=1&ratings%5BPG-13%5D=1&ratings%5BNC-17%5D=1&ratings%5BR%5D=1&commit=Refresh" for 165.91.13.30 at 2021-10-04 23:07:23 +0000
Processing by MoviesController#index as HTML
  Parameters: {"utf8"=>"✓", "ratings"=>{"G"=>"1", "PG"=>"1", "PG-13"=>"1", "NC-17"=>"1", "R"=>"1"}, "commit"=>"Refresh"}
Redirected to https://1eeb63ff2dbf4bf9a58d56fad532bd84.vfs.cloud9.us-east-2.amazonaws.com/movies?ratings%5BG%5D=1&ratings%5BNC-17%5D=1&ratings%5BPG%5D=1&ratings%5BPG-13%5D=1&ratings%5BR%5D=1
Completed 302 Found in 2ms (ActiveRecord: 0.0ms)


Started GET "/movies?ratings%5BG%5D=1&ratings%5BNC-17%5D=1&ratings%5BPG%5D=1&ratings%5BPG-13%5D=1&ratings%5BR%5D=1" for 165.91.13.30 at 2021-10-04 23:07:23 +0000
Processing by MoviesController#index as HTML
  Parameters: {"ratings"=>{"G"=>"1", "NC-17"=>"1", "PG"=>"1", "PG-13"=>"1", "R"=>"1"}}
  [1m[35mMovie Load (0.2ms)[0m  SELECT "movies".* FROM "movies" WHERE "movies"."rating" IN ('G', 'NC-17', 'PG', 'PG-13', 'R')
  Rendered movies/index.html.haml within layouts/application (9.6ms)
Completed 200 OK in 22ms (Views: 20.3ms | ActiveRecord: 0.2ms)


Started GET "/movies?ratings%5BG%5D=1&ratings%5BNC-17%5D=1&ratings%5BPG%5D=1&ratings%5BPG-13%5D=1&ratings%5BR%5D=1" for 165.91.13.30 at 2021-10-04 23:07:28 +0000
Processing by MoviesController#index as HTML
  Parameters: {"ratings"=>{"G"=>"1", "NC-17"=>"1", "PG"=>"1", "PG-13"=>"1", "R"=>"1"}}
  [1m[36mMovie Load (0.2ms)[0m  [1mSELECT "movies".* FROM "movies" WHERE "movies"."rating" IN ('G', 'NC-17', 'PG', 'PG-13', 'R')[0m
  Rendered movies/index.html.haml within layouts/application (4.6ms)
Completed 200 OK in 17ms (Views: 15.7ms | ActiveRecord: 0.2ms)


Started GET "/movies?ratings%5BG%5D=1&ratings%5BNC-17%5D=1&ratings%5BPG%5D=1&ratings%5BPG-13%5D=1&ratings%5BR%5D=1" for 165.91.13.30 at 2021-10-04 23:33:25 +0000
Processing by MoviesController#index as HTML
  Parameters: {"ratings"=>{"G"=>"1", "NC-17"=>"1", "PG"=>"1", "PG-13"=>"1", "R"=>"1"}}
  [1m[36mMovie Load (0.2ms)[0m  [1mSELECT "movies".* FROM "movies" WHERE "movies"."rating" IN ('G', 'NC-17', 'PG', 'PG-13', 'R')[0m
  Rendered movies/index.html.haml within layouts/application (18.6ms)
Completed 200 OK in 302ms (Views: 290.9ms | ActiveRecord: 1.5ms)


Started GET "/movies?ratings%5BG%5D=1&ratings%5BNC-17%5D=1&ratings%5BPG%5D=1&ratings%5BPG-13%5D=1&ratings%5BR%5D=1&sort=title" for 165.91.13.30 at 2021-10-04 23:33:29 +0000
Processing by MoviesController#index as HTML
  Parameters: {"ratings"=>{"G"=>"1", "NC-17"=>"1", "PG"=>"1", "PG-13"=>"1", "R"=>"1"}, "sort"=>"title"}
Redirected to https://1eeb63ff2dbf4bf9a58d56fad532bd84.vfs.cloud9.us-east-2.amazonaws.com/movies?ratings%5BG%5D=1&ratings%5BNC-17%5D=1&ratings%5BPG%5D=1&ratings%5BPG-13%5D=1&ratings%5BR%5D=1&sort=title
Completed 302 Found in 2ms (ActiveRecord: 0.0ms)


Started GET "/movies?ratings%5BG%5D=1&ratings%5BNC-17%5D=1&ratings%5BPG%5D=1&ratings%5BPG-13%5D=1&ratings%5BR%5D=1&sort=title" for 165.91.13.30 at 2021-10-04 23:33:29 +0000
Processing by MoviesController#index as HTML
  Parameters: {"ratings"=>{"G"=>"1", "NC-17"=>"1", "PG"=>"1", "PG-13"=>"1", "R"=>"1"}, "sort"=>"title"}
  [1m[35mMovie Load (0.3ms)[0m  SELECT "movies".* FROM "movies" WHERE "movies"."rating" IN ('G', 'NC-17', 'PG', 'PG-13', 'R')  ORDER BY "movies"."title" ASC
  Rendered movies/index.html.haml within layouts/application (6.6ms)
Completed 200 OK in 18ms (Views: 17.4ms | ActiveRecord: 0.3ms)


Started GET "/movies?ratings%5BG%5D=1&ratings%5BNC-17%5D=1&ratings%5BPG%5D=1&ratings%5BPG-13%5D=1&ratings%5BR%5D=1&sort=release_date" for 165.91.13.30 at 2021-10-04 23:36:19 +0000
Processing by MoviesController#index as HTML
  Parameters: {"ratings"=>{"G"=>"1", "NC-17"=>"1", "PG"=>"1", "PG-13"=>"1", "R"=>"1"}, "sort"=>"release_date"}
Redirected to https://1eeb63ff2dbf4bf9a58d56fad532bd84.vfs.cloud9.us-east-2.amazonaws.com/movies?ratings%5BG%5D=1&ratings%5BNC-17%5D=1&ratings%5BPG%5D=1&ratings%5BPG-13%5D=1&ratings%5BR%5D=1&sort=release_date
Completed 302 Found in 2ms (ActiveRecord: 0.0ms)


Started GET "/movies?ratings%5BG%5D=1&ratings%5BNC-17%5D=1&ratings%5BPG%5D=1&ratings%5BPG-13%5D=1&ratings%5BR%5D=1&sort=release_date" for 165.91.13.30 at 2021-10-04 23:36:19 +0000
Processing by MoviesController#index as HTML
  Parameters: {"ratings"=>{"G"=>"1", "NC-17"=>"1", "PG"=>"1", "PG-13"=>"1", "R"=>"1"}, "sort"=>"release_date"}
  [1m[36mMovie Load (0.3ms)[0m  [1mSELECT "movies".* FROM "movies" WHERE "movies"."rating" IN ('G', 'NC-17', 'PG', 'PG-13', 'R')  ORDER BY "movies"."release_date" ASC[0m
  Rendered movies/index.html.haml within layouts/application (5.5ms)
Completed 200 OK in 18ms (Views: 16.7ms | ActiveRecord: 0.3ms)
  [1m[36m (4.4ms)[0m  [1mCREATE TABLE "movies" ("id" INTEGER PRIMARY KEY AUTOINCREMENT NOT NULL, "title" varchar, "rating" varchar, "description" text, "release_date" datetime, "created_at" datetime, "updated_at" datetime) [0m
  [1m[35m (3.3ms)[0m  CREATE TABLE "schema_migrations" ("version" varchar NOT NULL) 
  [1m[36m (0.1ms)[0m  [1mselect sqlite_version(*)[0m
  [1m[35m (4.8ms)[0m  CREATE UNIQUE INDEX "unique_schema_migrations" ON "schema_migrations" ("version")
  [1m[36m (0.1ms)[0m  [1mSELECT version FROM "schema_migrations"[0m
  [1m[35m (4.5ms)[0m  INSERT INTO "schema_migrations" (version) VALUES ('20111119180638')
